<?xml version="1.0" encoding="UTF-8"?>
<!-- Generated by org.testng.reporters.JUnitXMLReporter -->
<testsuite ignored="0" hostname="DESKTOP-G7980L0" failures="0" tests="2" name="Test" time="0.062" errors="0" timestamp="2021-12-27T23:00:45 IST">
  <testcase classname="org.testing.Base.BaseClass" name="@BeforeMethod before" time="0.01">
    <failure type="java.lang.NullPointerException">
      <![CDATA[java.lang.NullPointerException
at org.testing.Base.BaseClass.before(BaseClass.java:23)
at java.base/java.util.ArrayList.forEach(ArrayList.java:1507)
... Removed 31 stack frames]]>
    </failure>
  </testcase> <!-- @BeforeMethod before -->
  <testcase classname="org.testing.Base.BaseClass" name="@AfterMethod after" time="-1.6406262457E9">
    <skipped/>
  </testcase> <!-- @AfterMethod after -->
  <testcase classname="org.testing.Base.BaseClass" name="@BeforeMethod before" time="0.001">
    <failure type="java.lang.NullPointerException">
      <![CDATA[java.lang.NullPointerException
at org.testing.Base.BaseClass.before(BaseClass.java:23)
at java.base/java.util.ArrayList.forEach(ArrayList.java:1507)
... Removed 31 stack frames]]>
    </failure>
  </testcase> <!-- @BeforeMethod before -->
  <testcase classname="org.testing.Base.BaseClass" name="@AfterMethod after" time="-1.64062624571E9">
    <skipped/>
  </testcase> <!-- @AfterMethod after -->
  <testcase classname="org.testing.TestScripts.TC2" name="tc2" time="0.0">
    <skipped/>
  </testcase> <!-- tc2 -->
  <testcase classname="org.testing.TestScripts.TC1" name="tc1" time="0.0">
    <skipped/>
  </testcase> <!-- tc1 -->
</testsuite> <!-- Test -->
